<?xml version="1.0" encoding="UTF-8"?>
<testng-results ignored="0" total="1" passed="1" failed="0" skipped="0">
  <reporter-output>
  </reporter-output>
  <suite started-at="2023-02-14T10:39:37 WIB" name="TestCase1" finished-at="2023-02-14T10:39:41 WIB" duration-ms="4467">
    <groups>
    </groups>
    <test started-at="2023-02-14T10:39:37 WIB" name="Command line test" finished-at="2023-02-14T10:39:41 WIB" duration-ms="4467">
      <class name="TestCase1">
        <test-method is-config="true" signature="setUp()[pri:0, instance:TestCase1@45f45fa1]" started-at="2023-02-14T10:39:37 WIB" name="setUp" finished-at="2023-02-14T10:39:40 WIB" duration-ms="3054" status="PASS">
          <reporter-output>
          </reporter-output>
        </test-method> <!-- setUp -->
        <test-method is-config="true" signature="setUpClass()[pri:0, instance:TestCase1@45f45fa1]" started-at="2023-02-14T10:39:40 WIB" name="setUpClass" finished-at="2023-02-14T10:39:40 WIB" duration-ms="1" status="PASS">
          <reporter-output>
          </reporter-output>
        </test-method> <!-- setUpClass -->
        <test-method is-config="true" signature="setUpMethod()[pri:0, instance:TestCase1@45f45fa1]" started-at="2023-02-14T10:39:40 WIB" name="setUpMethod" finished-at="2023-02-14T10:39:40 WIB" duration-ms="1" status="PASS">
          <reporter-output>
          </reporter-output>
        </test-method> <!-- setUpMethod -->
        <test-method signature="firstTry()[pri:0, instance:TestCase1@45f45fa1]" started-at="2023-02-14T10:39:40 WIB" name="firstTry" finished-at="2023-02-14T10:39:41 WIB" duration-ms="1209" status="PASS">
          <reporter-output>
          </reporter-output>
        </test-method> <!-- firstTry -->
        <test-method is-config="true" signature="tearDownMethod()[pri:0, instance:TestCase1@45f45fa1]" started-at="2023-02-14T10:39:41 WIB" name="tearDownMethod" finished-at="2023-02-14T10:39:41 WIB" duration-ms="1" status="PASS">
          <reporter-output>
          </reporter-output>
        </test-method> <!-- tearDownMethod -->
        <test-method is-config="true" signature="tearDownClass()[pri:0, instance:TestCase1@45f45fa1]" started-at="2023-02-14T10:39:41 WIB" name="tearDownClass" finished-at="2023-02-14T10:39:41 WIB" duration-ms="1" status="PASS">
          <reporter-output>
          </reporter-output>
        </test-method> <!-- tearDownClass -->
        <test-method is-config="true" signature="tearDown()[pri:0, instance:TestCase1@45f45fa1]" started-at="2023-02-14T10:39:41 WIB" name="tearDown" finished-at="2023-02-14T10:39:41 WIB" duration-ms="143" status="PASS">
          <reporter-output>
          </reporter-output>
        </test-method> <!-- tearDown -->
      </class> <!-- TestCase1 -->
    </test> <!-- Command line test -->
  </suite> <!-- TestCase1 -->
</testng-results>
